Построение начато 21.03.2014 8:04:00.
     1>Проект "D:\Учёба\Учёба документы 3 курс\ІІ триместр\ІПЗ\МОи\Проект\Doctor_!\Doctor_!\Doctor_!.vcxproj" в узле 2 (целевые объекты build).
     1>InitializeBuildStatus:
         Создание "Debug\Doctor_!.unsuccessfulbuild", так как было задано "AlwaysCreate".
       ClCompile:
         Для всех выходных данных обновления не требуется.
         Для всех выходных данных обновления не требуется.
       ResourceCompile:
         Для всех выходных данных обновления не требуется.
       ManifestResourceCompile:
         Для всех выходных данных обновления не требуется.
       Link:
         Для всех выходных данных обновления не требуется.
       Manifest:
         C:\Program Files (x86)\Microsoft SDKs\Windows\v7.0A\bin\mt.exe /nologo /verbose /out:"Debug\Doctor_!.exe.embed.manifest" /manifest "Debug\Doctor_!.exe.intermediate.manifest" "C:\Program Files (x86)\Microsoft Visual Studio 10.0\VC\Include\Manifest\dpiaware.manifest"
         Для всех выходных данных обновления не требуется.
       FinalizeBuildStatus:
         Файл "Debug\Doctor_!.unsuccessfulbuild" удаляется.
         Обращение к "Debug\Doctor_!.lastbuildstate".
     1>Построение проекта "D:\Учёба\Учёба документы 3 курс\ІІ триместр\ІПЗ\МОи\Проект\Doctor_!\Doctor_!\Doctor_!.vcxproj" завершено (целевые объекты build).

Построение успешно завершено.

Затраченное время: 00:00:00.22
